manifest-merger-release-report.txt
-- Merging decision tree log ---
manifest
ADDED from AndroidManifest.xml:2:1
	xmlns:android
		ADDED from AndroidManifest.xml:2:11
	package
		ADDED from AndroidManifest.xml:3:5
		INJECTED from AndroidManifest.xml:0:0
		INJECTED from AndroidManifest.xml:0:0
	android:versionName
		INJECTED from AndroidManifest.xml:0:0
		INJECTED from AndroidManifest.xml:0:0
	android:versionCode
		INJECTED from AndroidManifest.xml:0:0
		INJECTED from AndroidManifest.xml:0:0
uses-feature#0x00030000
ADDED from AndroidManifest.xml:5:5
	android:required
		ADDED from AndroidManifest.xml:7:9
	android:glEsVersion
		ADDED from AndroidManifest.xml:6:9
uses-permission#android.permission.WRITE_EXTERNAL_STORAGE
ADDED from AndroidManifest.xml:9:5
	android:name
		ADDED from AndroidManifest.xml:9:22
uses-permission#android.permission.ACCESS_WIFI_STATE
ADDED from AndroidManifest.xml:10:5
MERGED from TaxiCallAndroid:libHkmCheck:unspecified:11:5
	android:name
		ADDED from AndroidManifest.xml:10:22
uses-permission#android.permission.ACCESS_NETWORK_STATE
ADDED from AndroidManifest.xml:11:5
MERGED from TaxiCallAndroid:libHkmCheck:unspecified:13:5
	android:name
		ADDED from AndroidManifest.xml:11:22
uses-permission#android.permission.INTERNET
ADDED from AndroidManifest.xml:12:5
MERGED from TaxiCallAndroid:libHkmCheck:unspecified:14:5
	android:name
		ADDED from AndroidManifest.xml:12:22
uses-permission#android.permission.ACCESS_FINE_LOCATION
ADDED from AndroidManifest.xml:13:5
	android:name
		ADDED from AndroidManifest.xml:13:22
uses-permission#android.permission.CALL_PHONE
ADDED from AndroidManifest.xml:14:5
	android:name
		ADDED from AndroidManifest.xml:14:22
application
ADDED from AndroidManifest.xml:16:5
MERGED from com.android.support:appcompat-v7:21.0.3:16:5
MERGED from com.android.support:support-v4:21.0.3:16:5
MERGED from com.android.support:recyclerview-v7:21.0.3:17:5
MERGED from com.android.support:support-v4:21.0.3:16:5
MERGED from com.android.support:appcompat-v7:21.0.3:16:5
MERGED from com.android.support:support-v4:21.0.3:16:5
MERGED from com.cocosw:bottomsheet:0.9:11:5
MERGED from com.pnikosis:materialish-progress:1.2:11:5
MERGED from com.android.support:appcompat-v7:21.0.3:16:5
MERGED from com.android.support:support-v4:21.0.3:16:5
MERGED from org.lucasr.twowayview:twowayview:0.1.4:26:5
MERGED from com.android.support:support-v4:21.0.3:16:5
MERGED from com.melnykov:floatingactionbutton:1.2.0:12:5
MERGED from com.android.support:recyclerview-v7:21.0.3:17:5
MERGED from com.android.support:support-v4:21.0.3:16:5
MERGED from com.google.android.gms:play-services:6.5.87:20:5
MERGED from com.android.support:support-v4:21.0.3:16:5
MERGED from com.androidmapsextensions:android-maps-extensions:2.1.0:5:5
MERGED from com.android.support:support-v4:21.0.3:16:5
MERGED from com.felipecsl:gifimageview:1.1.0:9:5
	android:label
		ADDED from AndroidManifest.xml:22:9
	android:allowBackup
		ADDED from AndroidManifest.xml:18:9
	android:icon
		ADDED from AndroidManifest.xml:21:9
	android:theme
		ADDED from AndroidManifest.xml:23:9
	android:clipToPadding
		ADDED from AndroidManifest.xml:19:9
	android:name
		ADDED from AndroidManifest.xml:17:9
	android:fitsSystemWindows
		ADDED from AndroidManifest.xml:20:9
activity#com.hkm.driverview.DriverView
ADDED from AndroidManifest.xml:24:9
	android:label
		ADDED from AndroidManifest.xml:26:13
	android:name
		ADDED from AndroidManifest.xml:25:13
intent-filter#android.intent.action.MAIN+android.intent.category.LAUNCHER
ADDED from AndroidManifest.xml:27:13
action#android.intent.action.MAIN
ADDED from AndroidManifest.xml:28:17
	android:name
		ADDED from AndroidManifest.xml:28:25
category#android.intent.category.LAUNCHER
ADDED from AndroidManifest.xml:29:17
	android:name
		ADDED from AndroidManifest.xml:29:27
activity#com.hkm.driverview.OrderView
ADDED from AndroidManifest.xml:32:9
	android:label
		ADDED from AndroidManifest.xml:34:13
	android:theme
		ADDED from AndroidManifest.xml:35:13
	android:name
		ADDED from AndroidManifest.xml:33:13
activity#com.hkm.driverview.LoginActivity
ADDED from AndroidManifest.xml:36:9
	android:windowSoftInputMode
		ADDED from AndroidManifest.xml:40:13
	android:label
		ADDED from AndroidManifest.xml:38:13
	android:theme
		ADDED from AndroidManifest.xml:39:13
	android:name
		ADDED from AndroidManifest.xml:37:13
activity#com.hkm.driverview.RegLogin
ADDED from AndroidManifest.xml:41:9
	android:windowSoftInputMode
		ADDED from AndroidManifest.xml:45:13
	android:label
		ADDED from AndroidManifest.xml:43:13
	android:theme
		ADDED from AndroidManifest.xml:44:13
	android:name
		ADDED from AndroidManifest.xml:42:13
receiver#com.hkm.driverview.managers.NetworkChangeReceiver
ADDED from AndroidManifest.xml:47:9
	android:label
		ADDED from AndroidManifest.xml:49:13
	android:name
		ADDED from AndroidManifest.xml:48:13
intent-filter#android.net.conn.CONNECTIVITY_CHANGE+android.net.wifi.WIFI_STATE_CHANGED
ADDED from AndroidManifest.xml:50:13
action#android.net.conn.CONNECTIVITY_CHANGE
ADDED from AndroidManifest.xml:51:17
	android:name
		ADDED from AndroidManifest.xml:51:25
action#android.net.wifi.WIFI_STATE_CHANGED
ADDED from AndroidManifest.xml:52:17
	android:name
		ADDED from AndroidManifest.xml:52:25
meta-data#com.google.android.gms.version
ADDED from AndroidManifest.xml:57:9
MERGED from com.google.android.gms:play-services:6.5.87:21:9
	android:name
		ADDED from AndroidManifest.xml:58:13
	android:value
		ADDED from AndroidManifest.xml:59:13
meta-data#com.google.android.maps.v2.API_KEY
ADDED from AndroidManifest.xml:60:9
	android:name
		ADDED from AndroidManifest.xml:61:13
	android:value
		ADDED from AndroidManifest.xml:62:13
uses-library#com.google.android.maps
ADDED from AndroidManifest.xml:64:9
	android:name
		ADDED from AndroidManifest.xml:64:23
uses-sdk
INJECTED from AndroidManifest.xml:0:0 reason: use-sdk injection requested
MERGED from com.android.support:appcompat-v7:21.0.3:15:5
MERGED from com.android.support:support-v4:21.0.3:15:5
MERGED from com.android.support:recyclerview-v7:21.0.3:15:5
MERGED from com.android.support:support-v4:21.0.3:15:5
MERGED from com.afollestad:material-dialogs:0.5.9:8:5
MERGED from com.android.support:appcompat-v7:21.0.3:15:5
MERGED from com.android.support:support-v4:21.0.3:15:5
MERGED from com.cocosw:bottomsheet:0.9:7:5
MERGED from com.daimajia.easing:library:1.0.1:8:5
MERGED from com.daimajia.androidanimations:library:1.1.3:8:5
MERGED from com.daimajia.swipelayout:library:1.1.7:6:5
MERGED from com.pnikosis:materialish-progress:1.2:7:5
MERGED from com.android.support:appcompat-v7:21.0.3:15:5
MERGED from com.android.support:support-v4:21.0.3:15:5
MERGED from org.lucasr.twowayview:twowayview:0.1.4:22:5
MERGED from com.android.support:support-v4:21.0.3:15:5
MERGED from TaxiCallAndroid:libHkmCheck:unspecified:7:5
MERGED from com.melnykov:floatingactionbutton:1.2.0:8:5
MERGED from com.android.support:recyclerview-v7:21.0.3:15:5
MERGED from com.android.support:support-v4:21.0.3:15:5
MERGED from com.google.android.gms:play-services:6.5.87:18:5
MERGED from com.android.support:support-v4:21.0.3:15:5
MERGED from com.androidmapsextensions:android-maps-extensions:2.1.0:3:5
MERGED from de.madcyph3r:materialDrawer:1.1.0:18:5
MERGED from TaxiCallAndroid:processbuttonadvanced:unspecified:6:5
MERGED from com.android.support:support-v4:21.0.3:15:5
MERGED from com.felipecsl:gifimageview:1.1.0:7:5
	android:targetSdkVersion
		INJECTED from AndroidManifest.xml:0:0
		INJECTED from AndroidManifest.xml:0:0
	android:minSdkVersion
		INJECTED from AndroidManifest.xml:0:0
		INJECTED from AndroidManifest.xml:0:0
activity#android.support.v7.widget.TestActivity
ADDED from com.android.support:recyclerview-v7:21.0.3:18:9
MERGED from com.android.support:recyclerview-v7:21.0.3:18:9
	android:label
		ADDED from com.android.support:recyclerview-v7:21.0.3:18:19
	android:name
		ADDED from com.android.support:recyclerview-v7:21.0.3:18:60
uses-permission#android.permission.CAMERA
ADDED from TaxiCallAndroid:libHkmCheck:unspecified:12:5
	android:name
		ADDED from TaxiCallAndroid:libHkmCheck:unspecified:12:22